20020901,UNIONBANK,IPO,100.0,16.0,0.00,Thiyagu,Physical
20030512,DIGITAL,Buy,50.0,514.45,218.64,Thiyagu,ICICI_Direct
20030514,UNIONBANK,Buy,100.0,33.0,28.05,Thiyagu,ICICI_Direct
20030515,UNIONBANK,Buy,100.0,31.85,27.07,Thiyagu,ICICI_Direct
20030519,ONGC,Buy,10.0,400.0,34.00,Thiyagu,ICICI_Direct
20030519,INFOSYSTCH,Buy,3.0,2950.0,75.23,Thiyagu,ICICI_Direct
20030519,SBIN,Buy,6.0,320.0,25.00,Thiyagu,ICICI_Direct
20030520,HINDUNILVR,Buy,50.0,147.0,62.48,Thiyagu,ICICI_Direct
20030523,ONGC,Buy,11.0,434.0,40.58,Thiyagu,ICICI_Direct
20030602,IOC,Buy,14.0,372.0,44.27,Thiyagu,ICICI_Direct
20030610,ONGC,Buy,11.0,477.0,44.60,Thiyagu,ICICI_Direct
20030618,INFOSYSTCH,Sell,3.0,3074.3,78.39,Thiyagu,ICICI_Direct
20030623,ONGC,Buy,10.0,484.0,41.14,Thiyagu,ICICI_Direct
20030710,DIGITAL,Sell,25.0,455.0,96.69,Thiyagu,ICICI_Direct
20030715,ITC,Buy,5.0,735.0,31.24,Thiyagu,ICICI_Direct
20030716,UNIONBANK,Sell,100.0,38.2,32.47,Thiyagu,ICICI_Direct
20030722,HINDUNILVR,Sell,50.0,149.6,63.58,Thiyagu,ICICI_Direct
20030723,SBIN,Buy,10.0,398.0,33.83,Thiyagu,ICICI_Direct
20030723,IOC,Buy,10.0,397.0,33.75,Thiyagu,ICICI_Direct
20030728,HINDUNILVR,Buy,20.0,166.8,28.36,Thiyagu,ICICI_Direct
20030730,CANBK,Buy,25.0,105.0,25.00,Thiyagu,ICICI_Direct
20030806,UNIONBANK,Buy,100.0,39.4,33.49,Thiyagu,ICICI_Direct
20030811,TATAMOTORS,Buy,12.0,245.6,25.05,Thiyagu,ICICI_Direct
20030811,ONGC,Buy,8.0,545.0,37.06,Thiyagu,ICICI_Direct
20030825,HINDUNILVR,Sell,20.0,188.75,32.09,Thiyagu,ICICI_Direct
20030827,ONGC,Buy,6.0,596.75,15.00,Thiyagu,ICICI_Direct,DT
20030827,ONGC,Sell,6.0,609.5,15.00,Thiyagu,ICICI_Direct,DT
20030828,DIGITAL,Sell,10.0,489.0,41.57,Thiyagu,ICICI_Direct
20030829,DIGITAL,Sell,15.0,505.0,64.39,Thiyagu,ICICI_Direct
20030901,IOC,Buy,10.0,397.0,33.75,Thiyagu,ICICI_Direct
20030904,BANKINDIA,Buy,60.0,57.35,29.25,Thiyagu,ICICI_Direct
20030910,GESHIPPING,Buy,25.0,73.5,25.00,Selva,ICICI_Direct
20030917,INFOSYSTCH,Buy,2.0,4345.0,15.00,Thiyagu,ICICI_Direct,DT
20030917,INFOSYSTCH,Sell,2.0,4342.0,15.00,Thiyagu,ICICI_Direct,DT
20030918,INFOSYSTCH,Buy,2.0,4305.0,15.00,Thiyagu,ICICI_Direct,DT
20030918,INFOSYSTCH,Buy,2.0,4262.0,15.00,Thiyagu,ICICI_Direct,DT
20030918,INFOSYSTCH,Sell,2.0,4261.25,15.00,Thiyagu,ICICI_Direct,DT
20030918,INFOSYSTCH,Sell,2.0,4325.5,15.00,Thiyagu,ICICI_Direct,DT
20030926,CANBK,Buy,25.0,115.9,25.00,Thiyagu,ICICI_Direct
20030930,TATAMOTORS,Sell,12.0,307.0,31.31,Thiyagu,ICICI_Direct
20031001,GESHIPPING,Sell,25.0,82.25,25.00,Selva,ICICI_Direct
20031007,TATAMOTORS,Buy,20.0,346.25,58.86,Thiyagu,ICICI_Direct
20031009,CANBK,Buy,50.0,136.3,15.00,Thiyagu,ICICI_Direct,DT
20031009,CANBK,Sell,50.0,137.75,15.00,Thiyagu,ICICI_Direct,DT
20031010,INFOSYSTCH,Buy,1.0,4557.9,15.00,Thiyagu,ICICI_Direct,DT
20031010,TATAMOTORS,Buy,20.0,367.65,15.00,Thiyagu,ICICI_Direct,DT
20031010,TATAMOTORS,Buy,20.0,363.2,15.00,Thiyagu,ICICI_Direct,DT
20031010,TATAMOTORS,Sell,40.0,369.58,22.17,Thiyagu,ICICI_Direct,DT
20031010,INFOSYSTCH,Sell,1.0,4640.0,15.00,Thiyagu,ICICI_Direct,DT
20031014,TATAMOTORS,Buy,30.0,383.0,17.24,Thiyagu,ICICI_Direct,DT
20031014,TATAMOTORS,Sell,30.0,371.3,16.71,Thiyagu,ICICI_Direct,DT
20031014,IOC,Sell,10.0,371.1,31.54,Thiyagu,ICICI_Direct
20031016,RELIANCE,Buy,10.0,496.1,42.17,Thiyagu,ICICI_Direct
20031016,BANKINDIA,Sell,60.0,60.0,30.60,Thiyagu,ICICI_Direct
20031020,M&M,Buy,10.0,316.2,15.00,Thiyagu,ICICI_Direct,DT
20031020,M&M,Buy,10.0,310.1,26.36,Thiyagu,ICICI_Direct
20031020,M&M,Sell,10.0,308.65,15.00,Thiyagu,ICICI_Direct,DT
20031021,CANBK,Buy,50.0,144.95,15.00,Thiyagu,ICICI_Direct,DT
20031021,CANBK,Sell,50.0,139.2,15.00,Thiyagu,ICICI_Direct,DT
20031022,UCALFUEL,Buy,10.0,325.0,27.63,Selva,ICICI_Direct
20031027,ONGC,Sell,10.0,589.73,50.13,Thiyagu,ICICI_Direct
20031029,PNBGILTS,Buy,100.0,32.2,27.37,Thiyagu,ICICI_Direct
20031031,CANBK,Buy,50.0,136.4,15.00,Thiyagu,ICICI_Direct,DT
20031031,CANBK,Buy,50.0,137.5,15.00,Thiyagu,ICICI_Direct,DT
20031031,M&M,Buy,10.0,342.5,29.11,Thiyagu,ICICI_Direct
20031031,CANBK,Sell,100.0,134.25,20.14,Thiyagu,ICICI_Direct,DT
20031101,VIJAYABANK,IPO,50.0,24.0,0.00,Thiyagu,ICICI_Direct
20031101,VIJAYABANK,IPO,50.0,24.0,0.00,Arul,ICICI_Direct
20031103,GESHIPPING,Buy,30.0,100.0,25.50,Thiyagu,ICICI_Direct
20031103,MARUTI,Buy,10.0,337.0,28.65,Thiyagu,ICICI_Direct
20031111,GESHIPPING,Buy,25.0,121.75,25.87,Thiyagu,ICICI_Direct
20031113,BHARTIARTL,Buy,50.0,84.0,35.70,Selva,ICICI_Direct
20031114,ITC,Sell,5.0,855.25,36.35,Thiyagu,ICICI_Direct
20031115,M&M,Sell,10.0,324.0,27.54,Thiyagu,ICICI_Direct
20031117,HEXAWARE,Buy,10.0,309.8,26.33,Selva,ICICI_Direct
20031120,CANBK,Sell,25.0,126.0,26.78,Thiyagu,ICICI_Direct
20031121,VIJAYABANK,Sell,50.0,33.0,25.00,Thiyagu,ICICI_Direct
20031121,VIJAYABANK,Sell,50.0,33.0,25.00,Arul,ICICI_Direct
20031121,M&M,Sell,10.0,308.56,26.23,Thiyagu,ICICI_Direct
20031121,MARUTI,Sell,10.0,322.25,27.39,Thiyagu,ICICI_Direct
20031121,UNIONBANK,Sell,100.0,40.95,34.81,Thiyagu,ICICI_Direct
20031121,SBIN,Sell,16.0,446.2,60.68,Thiyagu,ICICI_Direct
20031121,PNBGILTS,Sell,100.0,28.65,25.00,Thiyagu,ICICI_Direct
20031121,RELIANCE,Sell,10.0,451.53,38.38,Thiyagu,ICICI_Direct
20031121,ONGC,Sell,10.0,597.6,50.80,Thiyagu,ICICI_Direct
20031121,UNIONBANK,Sell,100.0,40.4,34.34,Thiyagu,ICICI_Direct
20031121,CANBK,Sell,25.0,115.55,25.00,Thiyagu,ICICI_Direct
20031124,TATAMOTORS,Sell,10.0,395.05,33.58,Thiyagu,ICICI_Direct
20031124,GESHIPPING,Sell,30.0,129.9,33.12,Thiyagu,ICICI_Direct
20031125,GESHIPPING,Sell,25.0,133.1,28.28,Thiyagu,ICICI_Direct
20031201,TATAMOTORS,Buy,20.0,424.9,72.23,Thiyagu,ICICI_Direct
20031209,GLENMARK,Buy,25.0,142.4,30.26,Thiyagu,ICICI_Direct
20031210,HEXAWARE,Sell,10.0,400.0,34.00,Selva,ICICI_Direct
20031215,GESHIPPING,Buy,25.0,145.0,30.81,Thiyagu,ICICI_Direct
20031219,TTML,Buy,150.0,19.9,25.37,Selva,ICICI_Direct
20031230,ENGINERSIN,Buy,10.0,410.35,34.88,Selva,ICICI_Direct
20031230,ONGC,Buy,10.0,794.45,67.53,Thiyagu,ICICI_Direct
20031230,UCALFUEL,Sell,10.0,380.0,32.30,Selva,ICICI_Direct
20040105,ONGC,Buy,10.0,935.5,79.52,Thiyagu,ICICI_Direct
20040107,IOC,Buy,10.0,517.95,15.00,Thiyagu,ICICI_Direct,DT
20040107,IOC,Sell,10.0,522.5,15.00,Thiyagu,ICICI_Direct,DT
20040109,ENGINERSIN,Sell,10.0,429.0,36.47,Selva,ICICI_Direct
20040112,COLGATE,Buy,25.0,160.7,34.15,Selva,ICICI_Direct
20040112,GESHIPPING,Buy,25.0,166.4,35.36,Thiyagu,ICICI_Direct
20040112,VDOCONINTL,Buy,50.0,72.57,30.84,Selva,ICICI_Direct
20040113,IOC,Buy,10.0,540.0,45.90,Thiyagu,ICICI_Direct
20040114,TATAMOTORS,Sell,10.0,497.0,42.25,Thiyagu,ICICI_Direct
20040114,GLENMARK,Sell,25.0,193.61,41.14,Thiyagu,ICICI_Direct
20040121,BHARTIARTL,Sell,25.0,121.5,25.82,Selva,ICICI_Direct
20040122,MARUTI,Buy,10.0,389.45,15.00,Thiyagu,ICICI_Direct,DT
20040122,MARUTI,Sell,10.0,377.25,15.00,Thiyagu,ICICI_Direct,DT
20040123,TATAMOTORS,Buy,10.0,460.95,39.18,Thiyagu,ICICI_Direct
20040123,MARUTI,Buy,10.0,406.0,34.51,Thiyagu,ICICI_Direct
20040127,GLENMARK,Buy,25.0,157.0,33.36,Thiyagu,ICICI_Direct
20040127,CANBK,Buy,25.0,148.25,31.50,Thiyagu,ICICI_Direct
20040211,ICICIBANK,Buy,10.0,328.5,27.92,Thiyagu,ICICI_Direct
20040213,COLGATE,Sell,25.0,150.0,31.88,Selva,ICICI_Direct
20040217,TATAMOTORS,Sell,10.0,558.6,47.48,Thiyagu,ICICI_Direct
20040217,MARUTI,Sell,10.0,511.35,43.46,Thiyagu,ICICI_Direct
20040219,BHARTIARTL,Sell,25.0,160.0,34.00,Selva,ICICI_Direct
20040220,ESCORTS,Buy,50.0,65.4,27.80,Selva,ICICI_Direct
20040224,M&M,Buy,10.0,485.6,41.28,Thiyagu,ICICI_Direct
20040224,UCALFUEL,Buy,10.0,289.0,25.00,Selva,ICICI_Direct
20040225,VDOCONINTL,Buy,50.0,50.7,25.00,Selva,ICICI_Direct
20040227,IPCL,Buy,20.0,183.0,31.11,Thiyagu,ICICI_Direct
20040227,GAIL,Buy,20.0,198.0,33.66,Thiyagu,ICICI_Direct
20040227,TATAMOTORS,Buy,10.0,498.0,42.33,Thiyagu,ICICI_Direct
20040304,SAIL,Buy,50.0,40.5,25.00,Selva,ICICI_Direct
20040312,IPCL,IPO,49.0,161.5,0.00,Thiyagu,ICICI_Direct
20040312,IPCL,IPO,49.0,161.5,0.00,Arul,ICICI_Direct
20040312,PATNI,IPO,25.0,230.0,0.00,Thiyagu,Arul_ICICI
20040401,DREDGECORP,IPO,5.0,380.0,0.00,Thiyagu,ICICI_Direct
20040401,ONGC,IPO,60.0,712.5,0.00,Thiyagu,ICICI_Direct
20040401,GAIL,IPO,144.0,185.25,0.00,Thiyagu,ICICI_Direct
20040401,ONGC,IPO,30.0,712.5,0.00,Thiyagu,Guru_ICICI
20040401,BIOCON,IPO,25.0,315.0,0.00,Thiyagu,Arul_ICICI
20040402,ONGC,Sell,10.0,830.6,70.60,Thiyagu,Guru_ICICI
20040413,BIOCON,Sell,13.0,631.0,69.73,Thiyagu,Arul_ICICI
20040415,INFOSYSTCH,Buy,1.0,5418.0,46.05,Thiyagu,ICICI_Direct
20040415,CANBK,Sell,25.0,168.52,35.81,Thiyagu,ICICI_Direct
20040416,GAIL,Sell,20.0,240.0,40.80,Thiyagu,ICICI_Direct
20040422,INFOSYSTCH,Buy,1.0,5399.0,45.89,Thiyagu,ICICI_Direct
20040423,ESCORTS,Sell,50.0,75.5,32.09,Selva,ICICI_Direct
20040427,RELINFRA,Buy,5.0,755.0,32.09,Thiyagu,ICICI_Direct
20040507,TTML,Sell,150.0,22.05,28.11,Selva,ICICI_Direct
20040512,INFOSYSTCH,Buy,1.0,5040.0,42.84,Thiyagu,ICICI_Direct
20040513,RELIANCE,Buy,10.0,517.0,43.95,Thiyagu,ICICI_Direct
20040514,ONGC,Sell,10.0,729.5,62.01,Thiyagu,Guru_ICICI
20040517,GAIL,Sell,44.0,139.5,52.17,Thiyagu,ICICI_Direct
20040518,BATAINDIA,Buy,50.0,54.85,25.00,Selva,ICICI_Direct
20040518,ESCORTS,Buy,50.0,54.9,25.00,Selva,ICICI_Direct
20040518,RELINFRA,Buy,10.0,550.0,46.75,Thiyagu,ICICI_Direct
20040518,MARUTI,Buy,10.0,441.8,37.55,Thiyagu,ICICI_Direct
20040518,TATAMOTORS,Buy,10.0,385.9,32.80,Thiyagu,ICICI_Direct
20040519,INFOSYSTCH,Buy,2.0,4902.0,15.00,Thiyagu,ICICI_Direct,DT
20040519,INFOSYSTCH,Buy,1.0,4952.0,42.09,Thiyagu,ICICI_Direct
20040519,BHARTIARTL,Buy,20.0,153.8,26.15,Thiyagu,ICICI_Direct
20040519,INFOSYSTCH,Sell,1.0,4956.3,15.00,Thiyagu,ICICI_Direct,DT
20040519,INFOSYSTCH,Sell,1.0,4945.35,15.00,Thiyagu,ICICI_Direct,DT
20040520,INFOSYSTCH,Buy,2.0,4997.0,15.00,Thiyagu,ICICI_Direct,DT
20040520,INFOSYSTCH,Sell,2.0,4921.15,15.00,Thiyagu,ICICI_Direct,DT
20040524,INFOSYSTCH,Buy,2.0,5002.65,85.05,Thiyagu,ICICI_Direct
20040525,BHARTIARTL,Buy,20.0,149.7,25.45,Selva,ICICI_Direct
20040525,INFOSYSTCH,Buy,2.0,5192.8,15.58,Thiyagu,ICICI_Direct,DT
20040525,INFOSYSTCH,Sell,2.0,5230.0,15.69,Thiyagu,ICICI_Direct,DT
20040526,INFOSYSTCH,Buy,2.0,5280.0,15.84,Thiyagu,ICICI_Direct,DT
20040526,INFOSYSTCH,Sell,2.0,5321.1,15.96,Thiyagu,ICICI_Direct,DT
20040719,PATNI,Sell,10.0,274.0,25.00,Thiyagu,Arul_ICICI
20040726,ESCORTS,Sell,50.0,61.5,26.14,Selva,ICICI_Direct
20040728,PATNI,Sell,15.0,290.0,36.98,Thiyagu,Arul_ICICI
20040729,INFOSYSTCH,Sell,6.0,1530.0,78.03,Thiyagu,ICICI_Direct
20040817,TATASTEEL,Buy,20.0,270.45,45.98,Thiyagu,ICICI_Direct
20040820,GLENMARK,Sell,25.0,185.0,39.31,Thiyagu,ICICI_Direct
20040825,TCS,IPO,17.0,850.0,0.00,Arul,ICICI_Direct
20040825,TCS,IPO,18.5,850.0,0.00,Thiyagu,Arul_ICICI
20040825,TCS,Buy,10.0,977.024,83.05,Thiyagu,ICICI_Direct
20040825,TCS,Sell,17.0,985.4,142.39,Arul,ICICI_Direct
20040830,BATAINDIA,Sell,50.0,77.65,33.00,Selva,ICICI_Direct
20040917,DREDGECORP,Sell,5.0,410.0,25.00,Thiyagu,ICICI_Direct
20040922,GESHIPPING,Sell,25.0,154.1,32.75,Thiyagu,ICICI_Direct
20040922,ONGC,Sell,10.0,761.35,64.71,Thiyagu,Guru_ICICI
20040922,TCS,Sell,10.0,1046.8,88.98,Thiyagu,ICICI_Direct
20040928,JINDALSAW,Buy,20.0,185.0,31.45,Selva,ICICI_Direct
20040928,IPCL,Sell,49.0,204.85,85.32,Arul,ICICI_Direct
20041005,ONGC,Sell,10.0,801.55,72.26,Thiyagu,ICICI_Direct
20041005,TATASTEEL,Sell,20.0,293.9,52.99,Thiyagu,ICICI_Direct
20041005,IOC,Sell,10.0,451.5,40.70,Thiyagu,ICICI_Direct
20041007,INFOSYSTCH,Buy,5.0,1688.35,15.00,Thiyagu,ICICI_Direct,DT
20041007,INFOSYSTCH,Sell,5.0,1696.15,15.00,Thiyagu,ICICI_Direct,DT
20041007,GESHIPPING,Sell,25.0,175.35,39.52,Thiyagu,ICICI_Direct
20041008,SAIL,Sell,50.0,49.0,25.00,Selva,ICICI_Direct
20041018,VDOCONINTL,Buy,50.0,51.2,25.00,Selva,ICICI_Direct
20041028,INFOSYSTCH,Buy,5.0,1900.87,85.68,Thiyagu,ICICI_Direct
20041029,IOC,Buy,20.0,430.5,15.00,Thiyagu,ICICI_Direct,DT
20041029,IOC,Sell,20.0,433.1,15.00,Thiyagu,ICICI_Direct,DT
20041105,NTPC,IPO,214.0,62.0,0.00,Thiyagu,ICICI_Direct
20041105,NTPC,Buy,200.0,70.3,126.75,Thiyagu,ICICI_Direct
20041108,VDOCONINTL,Sell,50.0,60.0,27.05,Selva,ICICI_Direct
20041122,RELINFRA,Buy,15.0,605.75,15.00,Thiyagu,ICICI_Direct,DT
20041122,IPCL,Buy,69.0,184.15,15.00,Thiyagu,ICICI_Direct,DT
20041122,RELIANCE,Sell,10.0,516.65,46.58,Thiyagu,ICICI_Direct
20041122,IPCL,Sell,69.0,180.8,15.62,Thiyagu,ICICI_Direct,DT
20041122,RELINFRA,Sell,15.0,596.95,15.00,Thiyagu,ICICI_Direct,DT
20041122,TATAMOTORS,Sell,20.0,425.5,76.72,Thiyagu,ICICI_Direct
20041124,RELINFRA,Sell,15.0,589.0,79.65,Thiyagu,ICICI_Direct
20041125,IPCL,Sell,69.0,175.8,109.35,Thiyagu,ICICI_Direct
20041129,BHARTIARTL,Sell,20.0,167.3,30.16,Thiyagu,ICICI_Direct
20041129,BHARTIARTL,Sell,20.0,167.3,30.16,Selva,ICICI_Direct
20041129,ICICIBANK,Sell,10.0,334.05,30.11,Thiyagu,ICICI_Direct
20041201,M&M,Sell,10.0,486.75,43.88,Thiyagu,ICICI_Direct
20041201,NTPC,Sell,114.0,80.2,82.42,Thiyagu,ICICI_Direct
20041201,TATAMOTORS,Sell,20.0,474.07,85.47,Thiyagu,ICICI_Direct
20041201,GAIL,Sell,50.0,220.1,99.21,Thiyagu,ICICI_Direct
20041201,ONGC,Sell,10.0,820.05,73.93,Thiyagu,ICICI_Direct
20041201,MARUTI,Sell,10.0,407.0,36.69,Thiyagu,ICICI_Direct
20041202,ONGC,Buy,10.0,831.7,15.00,Thiyagu,ICICI_Direct,DT
20041202,UNIONBANK,Sell,100.0,106.0,95.56,Thiyagu,Physical
20041202,ONGC,Sell,10.0,820.0,73.92,Thiyagu,ICICI_Direct
20041202,ONGC,Sell,10.0,820.0,15.00,Thiyagu,ICICI_Direct,DT
20041202,TCS,Sell,10.0,1253.6,113.01,Thiyagu,Arul_ICICI
20041202,INFOSYSTCH,Sell,10.0,2096.15,188.97,Thiyagu,ICICI_Direct
20041203,BATAINDIA,Buy,50.0,85.9,38.72,Selva,ICICI_Direct
20041203,ONGC,Buy,20.0,842.5,18.57,Thiyagu,ICICI_Direct,DT
20041203,IOC,Buy,50.0,491.8,27.10,Thiyagu,ICICI_Direct,DT
20041203,NTPC,Sell,100.0,79.9,72.03,Thiyagu,ICICI_Direct
20041203,ONGC,Sell,20.0,832.55,20.85,Thiyagu,ICICI_Direct,DT
20041203,IOC,Sell,50.0,484.6,30.34,Thiyagu,ICICI_Direct,DT
20041203,TCS,Sell,8.5,1233.3,94.50,Thiyagu,Arul_ICICI
20041203,INFOSYSTCH,Sell,13.0,2061.0,241.54,Thiyagu,ICICI_Direct
20041209,GAIL,Sell,50.0,230.75,104.01,Thiyagu,ICICI_Direct
20041209,ONGC,Sell,20.0,825.35,148.81,Thiyagu,ICICI_Direct
20041213,ONGC,Buy,20.0,835.7,18.42,Thiyagu,ICICI_Direct,DT
20041213,IOC,Buy,30.0,492.7,16.29,Thiyagu,ICICI_Direct,DT
20041213,ONGC,Sell,20.0,822.3,20.59,Thiyagu,ICICI_Direct,DT
20041213,IOC,Sell,30.0,493.05,18.52,Thiyagu,ICICI_Direct,DT
20041217,ONGC,Sell,10.0,846.9,76.35,Thiyagu,ICICI_Direct
20041224,VDOCONINTL,Sell,50.0,71.7,32.32,Selva,ICICI_Direct
20050104,IGL,Buy,25.0,110.25,25.00,Selva,ICICI_Direct
20050105,IGL,Buy,50.0,109.3,49.27,Thiyagu,ICICI_Direct
20050113,IGL,Buy,25.0,99.6,25.00,Thiyagu,ICICI_Direct
20050113,INFOSYSTCH,Buy,5.0,1958.7,88.29,Thiyagu,ICICI_Direct
20050113,INFOSYSTCH,Buy,5.0,1983.9,15.00,Thiyagu,ICICI_Direct,DT
20050113,INFOSYSTCH,Sell,5.0,1963.0,15.00,Thiyagu,ICICI_Direct,DT
20050131,IOC,Buy,14.0,457.09,57.69,Thiyagu,ICICI_Direct
20050131,INFOSYSTCH,Buy,5.0,2051.95,92.49,Thiyagu,ICICI_Direct
20050131,NTPC,Buy,200.0,84.55,152.44,Thiyagu,ICICI_Direct
20050131,ONGC,Buy,20.0,820.4,147.92,Thiyagu,ICICI_Direct
20050207,INFOSYSTCH,Buy,5.0,2030.0,91.50,Thiyagu,ICICI_Direct
20050214,CENTBOP,Buy,200.0,17.55,31.64,Selva,ICICI_Direct
20050216,LT,Buy,5.0,1024.0,46.16,Thiyagu,ICICI_Direct
20050216,LT,Buy,15.0,1024.0,16.93,Thiyagu,ICICI_Direct,DT
20050216,LT,Sell,15.0,1016.4,19.09,Thiyagu,ICICI_Direct,DT
20050223,LT,Buy,5.0,1096.0,49.40,Thiyagu,ICICI_Direct
20050223,LT,Buy,20.0,1099.31,24.23,Thiyagu,ICICI_Direct,DT
20050223,LT,Sell,20.0,1092.55,27.36,Thiyagu,ICICI_Direct,DT
20050228,ONGC,Sell,20.0,850.55,153.35,Thiyagu,ICICI_Direct
20050228,IOC,Sell,20.0,489.01,88.17,Thiyagu,ICICI_Direct
20050301,LT,Buy,20.0,1116.0,24.60,Thiyagu,ICICI_Direct,DT
20050301,LT,Sell,20.0,1121.0,28.07,Thiyagu,ICICI_Direct,DT
20050303,ONGC,Buy,30.0,884.7,29.25,Thiyagu,ICICI_Direct,DT
20050303,ONGC,Sell,30.0,889.8,33.42,Thiyagu,ICICI_Direct,DT
20050309,IOB,Buy,120.0,82.95,89.74,Thiyagu,ICICI_Direct
20050309,LT,Sell,5.0,1099.2,49.55,Thiyagu,ICICI_Direct
20050309,INFOSYSTCH,Sell,5.0,2237.0,100.83,Thiyagu,ICICI_Direct
20050309,ONGC,Sell,20.0,900.65,162.39,Thiyagu,ICICI_Direct
20050309,NTPC,Sell,100.0,92.35,83.25,Thiyagu,ICICI_Direct
20050314,IOB,Buy,50.0,84.7,38.18,Selva,ICICI_Direct
20050315,BATAINDIA,Sell,50.0,101.1,45.57,Selva,ICICI_Direct
20050317,LT,Sell,5.0,1044.05,47.06,Thiyagu,ICICI_Direct
20050318,ALBK,Buy,50.0,91.35,41.18,Selva,ICICI_Direct
20050318,IOC,Sell,30.0,461.65,124.85,Thiyagu,ICICI_Direct
20050318,IOB,Sell,60.0,76.7,41.49,Thiyagu,ICICI_Direct
20050318,NTPC,Sell,100.0,88.5,79.78,Thiyagu,ICICI_Direct
20050323,NTPC,Sell,200.0,85.1,153.44,Thiyagu,ICICI_Direct
20050323,IGL,Sell,75.0,95.55,64.60,Thiyagu,ICICI_Direct
20050323,IOB,Sell,60.0,73.5,39.86,Thiyagu,ICICI_Direct
20050323,BIOCON,Sell,12.0,425.5,46.03,Thiyagu,Arul_ICICI
20050323,ONGC,Sell,30.0,874.0,236.37,Thiyagu,ICICI_Direct
20050328,PNB,IPO,34.0,390.0,0.00,Thiyagu,ICICI_Direct
20050401,INFOSYSTCH,Buy,25.0,2231.84,61.49,Thiyagu,ICICI_Direct,DT
20050401,INFOSYSTCH,Sell,25.0,2245.37,73.09,Thiyagu,ICICI_Direct,DT
20050405,ONGC,Buy,50.0,910.9,50.19,Thiyagu,ICICI_Direct,DT
20050405,INFOSYSTCH,Buy,25.0,2227.8,61.38,Thiyagu,ICICI_Direct,DT
20050405,ONGC,Sell,50.0,912.5,59.40,Thiyagu,ICICI_Direct,DT
20050405,INFOSYSTCH,Sell,25.0,2224.0,72.39,Thiyagu,ICICI_Direct,DT
20050408,UCALFUEL,Sell,20.0,200.0,37.06,Selva,ICICI_Direct
20050415,ONGC,Buy,25.0,849.8,196.83,Thiyagu,ICICI_Direct
20050415,ITC,Buy,10.0,1390.0,128.78,Thiyagu,ICICI_Direct
20050415,JETAIRWAYS,Buy,10.0,1248.25,115.65,Thiyagu,ICICI_Direct
20050415,TCS,Buy,10.0,1322.0,122.48,Thiyagu,ICICI_Direct
20050415,TCS,Buy,10.0,1343.55,124.48,Thiyagu,Arul_ICICI
20050415,INFOSYSTCH,Buy,15.0,1974.0,274.34,Thiyagu,Arul_ICICI
20050418,JPHYDRO,IPO,100.0,32.0,0.00,Thiyagu,ICICI_Direct
20050418,JPHYDRO,IPO,100.0,32.0,0.00,Arul,ICICI_Direct
20050420,ALBK,Buy,50.0,80.6,37.34,Selva,ICICI_Direct
20050420,JINDALSAW,Sell,10.0,298.0,27.61,Selva,ICICI_Direct
20050425,GUJNRECOKE,Buy,50.0,125.2,58.00,Selva,ICICI_Direct
20050425,IGL,Buy,50.0,97.9,45.35,Selva,ICICI_Direct
20050425,3IINFOTECH,IPO,72.0,100.0,0.00,Thiyagu,ICICI_Direct
20050425,GOKEX,IPO,7.5,425.0,0.00,Thiyagu,ICICI_Direct
20050425,GOKEX,IPO,7.5,425.0,0.00,Arul,ICICI_Direct
20050428,GOKEX,Sell,7.5,595.2,41.36,Arul,ICICI_Direct
20050428,GOKEX,Sell,7.5,595.2,41.36,Thiyagu,ICICI_Direct
20050525,TCS,Buy,10.0,1237.68,114.67,Thiyagu,ICICI_Direct
20050527,ITC,Sell,10.0,1546.7,143.30,Thiyagu,ICICI_Direct
20050531,ITC,Buy,15.0,1589.9,220.96,Thiyagu,ICICI_Direct
20050603,ITC,Buy,15.0,1560.95,216.93,Thiyagu,ICICI_Direct
20050603,TCS,Buy,20.0,1270.9,235.50,Thiyagu,ICICI_Direct
20050603,ONGC,Sell,25.0,924.5,214.14,Thiyagu,ICICI_Direct
20050606,TATASTEEL,Buy,50.0,353.25,19.46,Thiyagu,ICICI_Direct,DT
20050606,TATASTEEL,Buy,50.0,353.25,163.64,Thiyagu,ICICI_Direct
20050606,TATASTEEL,Sell,50.0,351.55,22.89,Thiyagu,ICICI_Direct,DT
20050607,TATASTEEL,Buy,100.0,339.63,37.43,Thiyagu,ICICI_Direct,DT
20050607,TATASTEEL,Sell,100.0,338.7,44.10,Thiyagu,ICICI_Direct,DT
20050607,VDOCONINTL,Sell,50.0,72.2,33.45,Selva,ICICI_Direct
20050610,JETAIRWAYS,Sell,10.0,1294.0,119.89,Thiyagu,ICICI_Direct
20050610,JINDALSAW,Sell,10.0,351.8,32.59,Selva,ICICI_Direct
20050614,ALBK,Sell,100.0,90.0,83.39,Selva,ICICI_Direct
20050621,TATAMOTORS,Buy,50.0,419.0,194.10,Thiyagu,ICICI_Direct
20050621,INFOSYSTCH,Sell,15.0,2389.1,332.03,Thiyagu,Arul_ICICI
20050628,TATACHEM,Buy,120.0,174.15,193.62,Thiyagu,ICICI_Direct
20050628,JPHYDRO,Sell,100.0,28.35,26.27,Thiyagu,ICICI_Direct
20050628,JPHYDRO,Sell,100.0,28.35,26.27,Arul,ICICI_Direct
20050628,TATAMOTORS,Sell,50.0,427.75,198.16,Thiyagu,ICICI_Direct
20050628,TATASTEEL,Sell,50.0,353.55,163.78,Thiyagu,ICICI_Direct
20050628,3IINFOTECH,Sell,72.0,91.0,60.70,Thiyagu,ICICI_Direct
20050629,DCHL,Buy,25.0,188.0,43.55,Selva,ICICI_Direct
20050705,GESHIPPING,Buy,25.0,140.0,32.43,Selva,ICICI_Direct
20050706,IOB,Sell,50.0,84.0,38.91,Selva,ICICI_Direct
20050708,VDOCONINTL,Buy,50.0,81.0,37.52,Selva,ICICI_Direct
20050708,TVTODAY,Buy,50.0,105.0,48.64,Selva,ICICI_Direct
20050711,INFOSYSTCH,Buy,15.0,2338.95,325.06,Thiyagu,ICICI_Direct
20050712,INFOSYSTCH,Buy,10.0,2249.85,208.45,Thiyagu,ICICI_Direct
20050713,ITC,Buy,10.0,1744.75,161.65,Thiyagu,ICICI_Direct
20050713,PNB,Sell,34.0,403.5,127.11,Thiyagu,ICICI_Direct
20050714,TATACHEM,Sell,120.0,188.25,209.30,Thiyagu,ICICI_Direct
20050729,SAIL,Buy,100.0,53.0,49.10,Selva,ICICI_Direct
20050729,HEXAWARE,Buy,50.0,102.85,47.65,Selva,ICICI_Direct
20050729,DCHL,Sell,25.0,250.05,57.92,Selva,ICICI_Direct
20050729,IGL,Sell,75.0,107.15,74.46,Selva,ICICI_Direct
20050801,KTKBANK,Buy,50.0,128.0,59.30,Selva,ICICI_Direct
20050801,BATAINDIA,Buy,50.0,118.2,54.76,Selva,ICICI_Direct
20050802,BHARATFORG,Buy,50.0,319.95,148.22,Thiyagu,ICICI_Direct
20050802,CHENNPETRO,Buy,50.0,210.0,15.00,Thiyagu,ICICI_Direct,DT
20050802,CHENNPETRO,Buy,50.0,210.0,97.28,Thiyagu,ICICI_Direct
20050802,CHENNPETRO,Sell,50.0,210.2,15.00,Thiyagu,ICICI_Direct,DT
20050803,CHENNPETRO,Buy,50.0,215.9,100.02,Thiyagu,ICICI_Direct
20050803,RELIANCE,Buy,70.0,738.08,56.94,Thiyagu,ICICI_Direct,DT
20050803,RELIANCE,Buy,70.0,755.0,58.24,Thiyagu,ICICI_Direct,DT
20050803,SAIL,Buy,200.0,54.1,100.25,Thiyagu,ICICI_Direct
20050803,RELIANCE,Sell,70.0,718.35,65.47,Thiyagu,ICICI_Direct,DT
20050803,RELIANCE,Sell,70.0,716.7,65.32,Thiyagu,ICICI_Direct,DT
20050804,HINDUNILVR,Buy,100.0,168.7,156.30,Thiyagu,ICICI_Direct
20050804,RELIANCE,Buy,20.0,729.82,16.09,Thiyagu,ICICI_Direct,DT
20050804,RELIANCE,Sell,20.0,734.35,19.12,Thiyagu,ICICI_Direct,DT
20050805,PNB,Buy,100.0,433.65,47.79,Thiyagu,ICICI_Direct,DT
20050805,PNB,Sell,100.0,428.65,55.81,Thiyagu,ICICI_Direct,DT
20050808,RELIANCE,Buy,20.0,726.75,16.02,Thiyagu,ICICI_Direct,DT
20050808,RELIANCE,Buy,21.0,718.1,139.72,Thiyagu,ICICI_Direct
20050808,RELIANCE,Sell,20.0,708.8,18.46,Thiyagu,ICICI_Direct,DT
20050810,INGERRAND,Buy,33.0,333.9,102.09,Thiyagu,ICICI_Direct
20050810,GUJNRECOKE,Sell,50.0,140.0,64.86,Selva,ICICI_Direct
20050812,SAIL,Sell,100.0,63.45,58.79,Selva,ICICI_Direct
20050812,SAIL,Sell,200.0,63.45,117.57,Thiyagu,ICICI_Direct
20050812,GESHIPPING,Sell,25.0,171.35,39.69,Selva,ICICI_Direct
20050824,LT,Buy,10.0,1283.66,118.93,Thiyagu,ICICI_Direct
20050824,RELIANCE,Buy,15.0,691.5,96.10,Thiyagu,ICICI_Direct
20050825,DCHL,Buy,50.0,287.1,133.00,Selva,ICICI_Direct
20050901,CHENNPETRO,Sell,50.0,230.5,106.78,Thiyagu,ICICI_Direct
20050902,KTKBANK,Buy,25.0,121.7,30.59,Selva,ICICI_Direct
20050909,SASKEN,IPO,30.0,260.0,0.00,Thiyagu,Karthi
20050912,SASKEN,Sell,30.0,432.35,120.17,Thiyagu,Karthi
20050914,IPCL,Buy,200.0,213.45,47.04,Thiyagu,ICICI_Direct,DT
20050914,IPCL,Sell,200.0,205.55,53.53,Thiyagu,ICICI_Direct,DT
20050915,ROLTA,Buy,60.0,182.9,101.67,Thiyagu,ICICI_Direct
20050915,ITC,Buy,10.0,1868.75,173.14,Thiyagu,ICICI_Direct
20050916,CHENNPETRO,Sell,50.0,240.0,111.18,Thiyagu,ICICI_Direct
20050920,HINDUNILVR,Buy,100.0,174.8,161.95,Thiyagu,ICICI_Direct
20050930,BHARATFORG,Sell,50.0,345.0,159.82,Thiyagu,ICICI_Direct
20050930,LT,Sell,10.0,1536.75,142.38,Thiyagu,ICICI_Direct
20050930,ITC,Sell,100.0,137.3,127.21,Thiyagu,ICICI_Direct
20050930,CENTBOP,Sell,200.0,20.0,37.06,Selva,ICICI_Direct
20051003,INGERRAND,Sell,33.0,374.5,114.50,Thiyagu,ICICI_Direct
20051003,BATAINDIA,Sell,50.0,148.0,68.56,Selva,ICICI_Direct
20051003,ITC,Sell,150.0,137.0,190.40,Thiyagu,ICICI_Direct
20051003,VDOCONINTL,Sell,50.0,94.0,43.55,Selva,ICICI_Direct
20051004,RELIANCE,Buy,14.0,800.0,103.77,Thiyagu,ICICI_Direct
20051004,INDIABULLS,Buy,50.0,186.8,86.54,Selva,ICICI_Direct
20051004,ITC,Sell,100.0,137.3,127.21,Thiyagu,ICICI_Direct
20051005,HINDUNILVR,Sell,100.0,180.85,167.56,Thiyagu,ICICI_Direct
20051005,TCS,Sell,10.0,1476.25,136.77,Thiyagu,ICICI_Direct
20051005,ITC,Sell,150.0,133.35,185.32,Thiyagu,ICICI_Direct
20051006,INDIABULLS,Buy,25.0,172.05,39.85,Selva,ICICI_Direct
20051006,RELIANCE,Buy,10.0,788.75,73.08,Thiyagu,ICICI_Direct
20051006,INFOSYSTCH,Sell,5.0,2638.1,122.21,Thiyagu,ICICI_Direct
20051006,ROLTA,Sell,60.0,173.0,96.17,Thiyagu,ICICI_Direct
20051006,TCS,Sell,10.0,1445.0,133.88,Thiyagu,ICICI_Direct
20051006,TCS,Sell,10.0,1443.3,133.72,Thiyagu,ICICI_Direct
20051011,RELIANCE,Buy,10.0,788.95,73.10,Thiyagu,ICICI_Direct
20051013,RELIANCE,Buy,10.0,774.7,71.78,Thiyagu,ICICI_Direct
20051013,INFOSYSTCH,Sell,5.0,2612.0,121.00,Thiyagu,ICICI_Direct
20051014,RELIANCE,Buy,10.0,765.35,70.91,Thiyagu,ICICI_Direct
20051019,SUZLON,IPO,16.0,510.0,0.00,Thiyagu,ICICI_Direct
20051019,RELIANCE,Buy,10.0,745.0,69.02,Thiyagu,ICICI_Direct
20051019,INFOSYSTCH,Buy,5.0,2475.0,114.65,Thiyagu,ICICI_Direct
20051021,SUZLON,Sell,16.0,651.5,96.58,Thiyagu,ICICI_Direct
20051101,BHARTIARTL,Buy,25.0,325.0,75.28,Thiyagu,ICICI_Direct
20051107,IDFC,Buy,150.0,67.45,93.74,Thiyagu,ICICI_Direct
20051109,BHARTIARTL,Buy,25.0,338.0,78.29,Thiyagu,ICICI_Direct
20051116,RELIANCE,Buy,20.0,813.7,150.78,Thiyagu,ICICI_Direct
20051116,TCS,Buy,10.0,1509.76,139.88,Thiyagu,ICICI_Direct
20051117,INFOSYSTCH,Buy,6.0,2710.0,150.65,Thiyagu,ICICI_Direct
20051126,IDFC,Buy,150.0,74.5,103.54,Thiyagu,ICICI_Direct
20051126,IPCL,Buy,100.0,234.26,217.04,Thiyagu,ICICI_Direct
20051130,GLENMARK,Buy,33.0,301.8,92.27,Thiyagu,ICICI_Direct
20051130,LT,Buy,10.0,1693.0,156.86,Thiyagu,ICICI_Direct
20051201,BHARTIARTL,Buy,25.0,356.75,82.63,Thiyagu,ICICI_Direct
20051201,UNIONBANK,Buy,100.0,112.2,103.95,Thiyagu,ICICI_Direct
20051208,IPCL,Buy,50.0,220.0,101.92,Thiyagu,ICICI_Direct
20051209,BHARTIARTL,Buy,25.0,353.1,81.79,Thiyagu,ICICI_Direct
20051209,LT,Buy,5.0,1701.0,78.80,Thiyagu,ICICI_Direct
20051215,INDIABULLS,Buy,50.0,186.4,63.20,Thiyagu,CbeAcc
20051220,INDIABULLS,Sell,50.0,197.75,67.28,Thiyagu,CbeAcc
20051220,INFOSYSTCH,Sell,3.0,2987.3,83.03,Thiyagu,ICICI_Direct
20051222,HEXAWARE,Sell,50.0,128.0,59.30,Selva,ICICI_Direct
20051226,AMTEKINDIA,Buy,50.0,107.85,49.96,Selva,ICICI_Direct
20051226,AMTEKINDIA,Buy,50.0,107.85,49.96,Thiyagu,ICICI_Direct
20051226,RELIANCE,Buy,12.0,833.0,66.48,Thiyagu,CbeAcc
20060102,INFOSYSTCH,Sell,3.0,2989.0,14.48,Thiyagu,ICICI_Direct
20060103,BAJAJHIND,Buy,35.0,330.0,77.47,Thiyagu,CbeAcc
20060103,INFOSYSTCH,Sell,3.0,2983.25,14.46,Thiyagu,ICICI_Direct
20060103,RELIANCE,Sell,12.0,900.5,71.91,Thiyagu,CbeAcc
20060103,TCS,Sell,6.0,1688.3,15.64,Thiyagu,ICICI_Direct
20060104,INFOSYSTCH,Sell,3.0,3003.7,14.52,Thiyagu,ICICI_Direct
20060104,IPCL,Sell,50.0,240.1,17.52,Thiyagu,ICICI_Direct
20060104,AMTEKINDIA,Sell,50.0,112.6,11.14,Thiyagu,ICICI_Direct
20060104,TCS,Sell,14.0,1728.1,29.70,Thiyagu,ICICI_Direct
20060104,HINDUNILVR,Sell,100.0,196.15,25.13,Thiyagu,ICICI_Direct
20060104,UNIONBANK,Sell,100.0,122.1,17.72,Thiyagu,ICICI_Direct
20060105,INFOSYSTCH,Sell,3.0,3055.2,14.68,Thiyagu,ICICI_Direct
20060106,RELIANCE,Buy,30.0,923.0,256.55,Thiyagu,ICICI_Direct
20060106,INFOSYSTCH,Sell,3.0,3044.5,84.62,Thiyagu,ICICI_Direct
20060109,IPCL,Sell,50.0,265.25,122.88,Thiyagu,ICICI_Direct
20060110,RELIANCE,Buy,30.0,901.4,250.54,Thiyagu,ICICI_Direct
20060110,INFOSYSTCH,Sell,6.0,3001.9,166.88,Thiyagu,ICICI_Direct
20060110,IPCL,Sell,50.0,265.8,123.13,Thiyagu,ICICI_Direct
20060110,BHARTIARTL,Sell,25.0,346.1,80.17,Thiyagu,ICICI_Direct
20060112,RELIANCE,Buy,30.0,890.85,247.61,Thiyagu,ICICI_Direct
20060112,DCHL,Sell,50.0,349.0,161.67,Selva,ICICI_Direct
20060113,BAJAJHIND,Sell,35.0,346.0,81.40,Thiyagu,CbeAcc
20060117,RELIANCE,Buy,30.0,920.75,255.92,Thiyagu,ICICI_Direct
20060117,RELIANCE,Buy,30.0,899.5,250.02,Thiyagu,ICICI_Direct
20060117,RELIANCE,Buy,30.0,904.35,251.36,Thiyagu,ICICI_Direct
20060119,BHARTIARTL,Buy,25.0,334.5,77.48,Thiyagu,ICICI_Direct
20060119,IDFC,Buy,150.0,69.1,96.03,Thiyagu,ICICI_Direct
20060119,DCHL,Buy,50.0,337.8,156.49,Selva,ICICI_Direct
20060119,INFOSYSTCH,Buy,3.0,2790.0,77.55,Thiyagu,ICICI_Direct
20060123,LT,Buy,10.0,1865.53,172.84,Thiyagu,ICICI_Direct
20060202,CIPLA,Buy,10.0,490.0,32.71,Thiyagu,CbeAcc
20060203,CUMMINSIND,Buy,50.0,212.45,98.42,Thiyagu,ICICI_Direct
20060203,LT,Buy,5.0,2231.9,103.39,Thiyagu,ICICI_Direct
20060203,SBIN,Buy,10.0,870.0,57.84,Thiyagu,CbeAcc
20060203,DCHL,Sell,50.0,402.0,186.23,Selva,ICICI_Direct
20060208,AMARAJABAT,Buy,75.0,227.9,158.36,Selva,ICICI_Direct
20060208,CIPLA,Buy,8.0,555.88,41.20,Thiyagu,CbeAcc
20060210,CIPLA,Buy,20.0,574.1,106.38,Thiyagu,ICICI_Direct
20060210,GEORGWILIM,Buy,30.0,305.03,84.78,Thiyagu,CbeAcc
20060210,KTKBANK,Sell,75.0,110.0,76.44,Selva,ICICI_Direct
20060210,SBIN,Sell,10.0,880.3,81.56,Thiyagu,CbeAcc
20060213,HINDUNILVR,Buy,50.0,204.5,94.73,Thiyagu,ICICI_Direct
20060213,CUMMINSIND,Sell,50.0,220.6,102.19,Thiyagu,ICICI_Direct
20060213,GEORGWILIM,Sell,30.0,340.59,94.67,Thiyagu,CbeAcc
20060213,BHARTIARTL,Sell,25.0,362.37,83.93,Thiyagu,ICICI_Direct
20060214,CIPLA,Buy,20.0,538.25,99.74,Thiyagu,ICICI_Direct
20060214,DCHL,Buy,25.0,463.0,107.24,Selva,ICICI_Direct
20060214,DCHL,Buy,25.0,453.0,104.93,Selva,ICICI_Direct
20060214,INDIABULLS,Sell,75.0,199.1,138.35,Selva,ICICI_Direct
20060216,LT,Buy,10.0,2396.0,53.12,Thiyagu,CbeAcc,DT
20060216,LT,Sell,10.0,2340.0,51.95,Thiyagu,CbeAcc,DT
20060220,CIPLA,Buy,30.0,551.65,153.33,Thiyagu,ICICI_Direct
20060221,LT,Buy,4.0,2343.0,62.09,Thiyagu,CbeAcc
20060221,AMTEKINDIA,Sell,50.0,100.05,46.35,Selva,ICICI_Direct
20060222,DCHL,Buy,25.0,424.5,98.32,Selva,ICICI_Direct
20060301,IVRCLINFRA,Buy,10.0,1043.8,96.71,Thiyagu,ICICI_Direct
20060301,IDFC,Sell,150.0,69.3,96.31,Thiyagu,ICICI_Direct
20060302,SUNILHITEC,IPO,53.0,100.0,0.00,Thiyagu,ICICI_Direct
20060302,SUNILHITEC,Sell,53.0,162.0,79.55,Thiyagu,ICICI_Direct
20060303,CIPLA,Sell,18.0,550.1,66.15,Thiyagu,CbeAcc
20060307,HINDUNILVR,Sell,50.0,250.45,116.02,Thiyagu,ICICI_Direct
20060308,UNIONBANK,IPO,116.0,110.0,0.00,Thiyagu,ICICI_Direct
20060309,UNIONBANK,Sell,116.0,121.8,130.90,Thiyagu,ICICI_Direct
20060309,IDFC,Sell,300.0,69.24,192.45,Thiyagu,ICICI_Direct
20060309,BHARTIARTL,Sell,25.0,379.35,87.87,Thiyagu,ICICI_Direct
20060309,RNRL,Sell,300.0,29.6,82.27,Thiyagu,ICICI_Direct
20060309,GLENMARK,Sell,33.0,318.0,97.23,Thiyagu,ICICI_Direct
20060310,IVRCLINFRA,Buy,10.0,1233.0,114.24,Thiyagu,ICICI_Direct
20060313,TCS,Buy,10.0,1804.5,167.19,Thiyagu,ICICI_Direct
20060313,RCOM,Buy,30.0,321.3,64.68,Thiyagu,CbeAcc
20060317,SUZLON,Buy,10.0,1311.91,121.55,Thiyagu,ICICI_Direct
20060321,TCS,Buy,10.0,1911.0,177.05,Thiyagu,ICICI_Direct
20060321,IVRCLINFRA,Buy,20.0,1327.95,246.07,Thiyagu,ICICI_Direct
20060321,INDIACEM,Buy,60.0,166.7,92.67,Thiyagu,ICICI_Direct
20060321,M&M,Buy,24.0,630.65,140.23,Thiyagu,ICICI_Direct
20060322,TVTODAY,Sell,50.0,95.9,44.43,Selva,ICICI_Direct
20060323,CIPLA,Buy,20.0,616.41,114.22,Thiyagu,ICICI_Direct
20060323,RCOM,Buy,60.0,290.0,161.21,Thiyagu,ICICI_Direct
20060324,IVRCLINFRA,Buy,10.0,1405.9,130.26,Thiyagu,ICICI_Direct
20060403,IVRCLINFRA,Buy,50.0,279.7,129.57,Thiyagu,ICICI_Direct
20060405,CIPLA,Buy,30.0,716.9,199.26,Thiyagu,ICICI_Direct
20060407,RENVL,Sell,300.0,44.9,124.80,Thiyagu,ICICI_Direct
20060410,INFOSYSTCH,Buy,6.0,3199.85,177.88,Thiyagu,ICICI_Direct
20060410,RCAPVL,Sell,300.0,24.22,67.32,Thiyagu,ICICI_Direct
20060410,BHARTIARTL,Sell,50.0,405.0,187.62,Thiyagu,ICICI_Direct
20060412,INFOSYSTCH,Buy,15.0,3199.85,52.89,Thiyagu,ICICI_Direct,DT
20060412,INFOSYSTCH,Sell,15.0,3151.92,61.56,Thiyagu,ICICI_Direct,DT
20060413,CIPLA,Buy,120.0,618.33,81.77,Thiyagu,ICICI_Direct,DT
20060413,CIPLA,Sell,120.0,598.0,93.43,Thiyagu,ICICI_Direct,DT
20060413,RCOM,Sell,120.0,271.4,301.74,Thiyagu,ICICI_Direct
20060417,INFOSYSTCH,Buy,3.0,3205.1,89.09,Thiyagu,ICICI_Direct
20060417,INFOSYSTCH,Buy,3.0,3231.0,89.81,Thiyagu,ICICI_Direct
20060417,INDIACEM,Buy,60.0,203.5,113.13,Thiyagu,ICICI_Direct
20060418,TCS,Buy,20.0,2040.0,378.01,Thiyagu,ICICI_Direct
20060418,TCS,Buy,10.0,2040.0,22.48,Thiyagu,ICICI_Direct,DT
20060418,I-FLEX,Buy,12.0,1368.8,152.18,Thiyagu,ICICI_Direct
20060418,INFOSYSTCH,Buy,3.0,3315.2,92.15,Thiyagu,ICICI_Direct
20060418,CIPLA,Buy,15.0,678.0,67.72,Thiyagu,CbeAcc
20060418,TCS,Sell,10.0,2011.0,26.18,Thiyagu,ICICI_Direct,DT
20060418,RCOM,Sell,30.0,277.4,56.17,Thiyagu,CbeAcc
20060421,CIPLA,Sell,15.0,661.5,66.18,Thiyagu,CbeAcc
20060421,CIPLA,Sell,30.0,657.5,182.75,Thiyagu,ICICI_Direct
20060424,SUNTV,IPO,19.0,875.0,0.00,Thiyagu,ICICI_Direct
20060427,INDIACEM,Buy,60.0,217.0,120.63,Thiyagu,ICICI_Direct
20060427,RAMCOSYS,Buy,20.0,244.0,45.21,Selva,ICICI_Direct
20060428,ASHOKLEY,Buy,300.0,47.4,131.75,Thiyagu,ICICI_Direct
20060428,I-FLEX,Buy,6.0,1164.0,64.71,Thiyagu,ICICI_Direct
20060502,ACC,Buy,15.0,1047.9,145.63,Thiyagu,ICICI_Direct
20060503,ITC,Buy,60.0,210.95,83.71,Thiyagu,Hdfc
20060503,INDIACEM,Sell,60.0,233.05,129.55,Thiyagu,ICICI_Direct
20060504,IOC,Buy,15.0,589.75,58.96,Thiyagu,CbeAcc
20060510,SUNTV,Buy,15.0,1419.0,141.21,Thiyagu,Hdfc
20060510,INDIACEM,Buy,60.0,224.8,91.07,Thiyagu,Hdfc
20060510,ASHOKLEY,Sell,300.0,50.7,143.25,Thiyagu,ICICI_Direct
20060511,RPL,Buy,120.0,88.0,73.60,Thiyagu,Hdfc
20060516,INFOSYSTCH,Buy,3.0,3167.0,89.48,Thiyagu,ICICI_Direct
20060518,CIPLA,Buy,225.0,250.88,63.36,Thiyagu,ICICI_Direct,DT
20060518,INDIACEM,Buy,120.0,195.7,26.36,Thiyagu,ICICI_Direct,DT
20060518,INFOSYSTCH,Buy,3.0,3115.4,88.03,Thiyagu,ICICI_Direct
20060518,TCS,Buy,10.0,1965.0,185.06,Thiyagu,ICICI_Direct
20060518,IVRCLINFRA,Sell,60.0,288.03,162.76,Thiyagu,ICICI_Direct
20060518,RCOM,Sell,120.0,295.4,333.85,Thiyagu,ICICI_Direct
20060518,CIPLA,Sell,225.0,252.05,74.99,Thiyagu,ICICI_Direct,DT
20060518,INDIACEM,Sell,120.0,199.02,31.59,Thiyagu,ICICI_Direct,DT
20060518,M&M,Sell,24.0,680.0,153.70,Thiyagu,ICICI_Direct
20060518,ACC,Sell,15.0,872.9,123.31,Thiyagu,ICICI_Direct
20060519,INFOSYSTCH,Buy,3.0,3072.0,86.80,Thiyagu,ICICI_Direct
20060519,INFOSYSTCH,Buy,6.0,2996.0,169.30,Thiyagu,ICICI_Direct
20060519,TCS,Buy,5.0,1939.95,91.35,Thiyagu,ICICI_Direct
20060519,TCS,Buy,10.0,1905.0,179.41,Thiyagu,ICICI_Direct
20060522,TCS,Buy,6.0,1860.0,105.10,Thiyagu,ICICI_Direct
20060522,INDIACEM,Buy,120.0,156.4,21.07,Thiyagu,ICICI_Direct,DT
20060522,CIPLA,Buy,225.0,206.5,52.15,Thiyagu,ICICI_Direct,DT
20060522,CIPLA,Buy,225.0,206.5,52.15,Thiyagu,ICICI_Direct,DT
20060522,INFOSYSTCH,Buy,5.0,2845.0,133.98,Thiyagu,ICICI_Direct
20060522,TCS,Buy,9.0,1808.0,153.25,Thiyagu,ICICI_Direct
20060522,DCHL,Buy,25.0,499.0,117.49,Thiyagu,ICICI_Direct
20060522,INDIACEM,Buy,60.0,150.7,61.68,Thiyagu,Hdfc
20060522,IVRCLINFRA,Sell,60.0,199.11,112.52,Thiyagu,ICICI_Direct
20060522,INDIACEM,Sell,120.0,142.0,160.48,Thiyagu,ICICI_Direct
20060522,IVRCLINFRA,Sell,60.0,210.08,118.71,Thiyagu,ICICI_Direct
20060522,CIPLA,Sell,75.0,200.83,141.85,Thiyagu,ICICI_Direct
20060522,CIPLA,Sell,225.0,203.0,60.40,Thiyagu,ICICI_Direct,DT
20060522,CIPLA,Sell,225.0,206.1,61.32,Thiyagu,ICICI_Direct,DT
20060522,INDIACEM,Sell,120.0,159.1,25.25,Thiyagu,ICICI_Direct,DT
20060522,IVRCLINFRA,Sell,120.0,200.01,226.04,Thiyagu,ICICI_Direct
20060522,SUNTV,Sell,15.0,1070.0,106.69,Thiyagu,Hdfc
20060522,SUZLON,Sell,10.0,977.0,92.01,Thiyagu,ICICI_Direct
20060530,LT,Buy,2.0,2492.9,33.03,Thiyagu,Hdfc
20060530,IVRCLINFRA,Buy,60.0,251.65,142.20,Thiyagu,ICICI_Direct
20060531,RIIL,Buy,30.0,679.95,192.11,Thiyagu,ICICI_Direct
20060616,INFOSYSTCH,Buy,10.0,2809.0,264.55,Thiyagu,ICICI_Direct
20060616,IOC,Sell,15.0,396.0,39.85,Thiyagu,CbeAcc
20060619,LT,Buy,3.0,2064.0,41.04,Thiyagu,CbeAcc
20060621,TATAINFO,Buy,50.0,158.99,74.87,Thiyagu,ICICI_Direct
20060623,INDIACEM,Sell,60.0,160.0,65.76,Thiyagu,Hdfc
20060623,TATAINFO,Sell,50.0,190.5,89.71,Thiyagu,ICICI_Direct
20060630,INFOSYSTCH,Buy,10.0,3080.15,290.09,Thiyagu,ICICI_Direct
20060704,LT,Buy,10.0,2186.98,144.92,Thiyagu,Hdfc
20060705,INDIACEM,Sell,60.0,160.1,65.79,Thiyagu,Hdfc
20060719,SUZLON,Buy,20.0,975.9,21.91,Thiyagu,ICICI_Direct,DT
20060719,SUZLON,Sell,20.0,912.5,24.13,Thiyagu,ICICI_Direct,DT
20060720,SUZLON,Buy,20.0,957.9,21.50,Thiyagu,ICICI_Direct,DT
20060720,SUZLON,Sell,20.0,971.2,25.68,Thiyagu,ICICI_Direct,DT
20060725,ICICIBANK,Buy,40.0,531.95,23.88,Thiyagu,ICICI_Direct,DT
20060725,ICICIBANK,Sell,40.0,544.1,28.78,Thiyagu,ICICI_Direct,DT
20060731,TCS,Sell,10.0,932.0,87.78,Thiyagu,ICICI_Direct
20060803,TCS,Sell,10.0,950.0,89.47,Thiyagu,ICICI_Direct
20060804,TCS,Sell,10.0,952.6,89.72,Thiyagu,ICICI_Direct
20060807,TCS,Sell,10.0,938.23,88.36,Thiyagu,ICICI_Direct
20060808,TCS,Sell,10.0,950.0,89.47,Thiyagu,ICICI_Direct
20060814,INFOSYSTCH,Buy,20.0,1745.0,39.17,Thiyagu,ICICI_Direct,DT
20060814,INFOSYSTCH,Sell,20.0,1760.05,46.55,Thiyagu,ICICI_Direct,DT
20060816,I-FLEX,Buy,20.0,1427.0,32.03,Thiyagu,ICICI_Direct,DT
20060816,I-FLEX,Sell,20.0,1439.75,38.08,Thiyagu,ICICI_Direct,DT
20060817,I-FLEX,Buy,10.0,1423.8,134.10,Thiyagu,ICICI_Direct
20060817,I-FLEX,Buy,10.0,1423.8,15.98,Thiyagu,ICICI_Direct,DT
20060817,I-FLEX,Sell,10.0,1413.75,18.70,Thiyagu,ICICI_Direct,DT
20060817,AMARAJABAT,Sell,75.0,365.0,257.82,Selva,ICICI_Direct
20060822,DCHL,Sell,25.0,525.0,123.61,Thiyagu,ICICI_Direct
20060822,LT,Sell,12.0,2420.0,192.47,Thiyagu,Hdfc
20060822,I-FLEX,Sell,10.0,1446.9,136.27,Thiyagu,ICICI_Direct
20060823,TTML,Buy,1000.0,19.75,186.01,Selva,ICICI_Direct
20060823,DCHL,Sell,75.0,585.4,413.49,Selva,ICICI_Direct
20060824,DRREDDY,Buy,15.0,1444.0,203.99,Thiyagu,ICICI_Direct
20060825,CELEBRITY,Buy,100.0,135.35,127.48,Selva,ICICI_Direct
20060828,JYOTISTRUC,Buy,200.0,94.0,177.06,Selva,ICICI_Direct
20060828,CELEBRITY,Buy,100.0,129.98,122.42,Selva,ICICI_Direct
20060828,I-FLEX,Buy,10.0,1425.0,94.54,Thiyagu,Hdfc
20060829,I-FLEX,Buy,10.0,1433.75,135.03,Thiyagu,ICICI_Direct
20060901,I-FLEX,Buy,12.0,1425.0,161.05,Thiyagu,ICICI_Direct
20060905,IOC,Buy,50.0,512.0,170.84,Thiyagu,Hdfc
20060911,LT,Buy,10.0,2466.0,163.37,Thiyagu,Hdfc
20060912,LT,Buy,8.0,2449.0,129.79,Thiyagu,Hdfc
20060912,CEAT,Buy,50.0,109.6,51.61,Selva,ICICI_Direct
20061006,IVRCLINFRA,Sell,60.0,286.0,161.61,Thiyagu,ICICI_Direct
20061006,IOC,Sell,50.0,561.0,187.37,Thiyagu,Hdfc
20061009,TTML,Sell,1000.0,19.55,184.12,Selva,ICICI_Direct
20061010,TCS,Sell,30.0,1010.0,285.37,Thiyagu,ICICI_Direct
20061012,RAMCOSYS,Sell,20.0,175.0,32.96,Selva,ICICI_Direct
20061013,CEAT,Buy,150.0,124.35,175.67,Selva,ICICI_Direct
20061013,JYOTISTRUC,Buy,50.0,116.0,54.62,Selva,ICICI_Direct
20061019,RIIL,Sell,30.0,520.1,146.95,Thiyagu,ICICI_Direct
20061122,I-FLEX,Sell,10.0,1625.0,107.82,Thiyagu,Hdfc
20061124,I-FLEX,Sell,40.0,1625.0,612.17,Thiyagu,ICICI_Direct
20061124,CIPLA,Sell,150.0,263.5,372.24,Thiyagu,ICICI_Direct
20061208,I-FLEX,Buy,30.0,2000.0,565.08,Thiyagu,ICICI_Direct
20061211,SUZLON,Buy,15.0,1299.0,129.31,Thiyagu,Hdfc
20061211,IVRCLINFRA,Buy,60.0,403.3,161.89,Thiyagu,Hdfc
20061211,BHARTIARTL,Buy,30.0,601.2,120.20,Thiyagu,Hdfc
20061220,SOBHA,IPO,10.0,640.0,0.00,Thiyagu,ICICI_Direct
20061226,ONGC,Buy,60.0,885.0,352.99,Thiyagu,Hdfc
20070111,INFOSYSTCH,Buy,10.0,2182.7,211.02,Thiyagu,ICICI_Direct
20070112,ONGC,Sell,60.0,920.0,378.78,Thiyagu,Hdfc
20070116,DRREDDY,Sell,30.0,810.0,234.93,Thiyagu,ICICI_Direct
20070117,I-FLEX,Sell,30.0,2150.0,623.59,Thiyagu,ICICI_Direct
20070117,SOBHA,Sell,10.0,1095.0,105.87,Thiyagu,ICICI_Direct
20070202,INDIACEM,Buy,150.0,224.3,230.62,Thiyagu,Hdfc
20070212,SAIL,Buy,300.0,108.0,222.33,Thiyagu,Hdfc
20070212,SUZLON,Buy,15.0,1073.5,110.54,Thiyagu,Hdfc
20070212,RCOM,Buy,120.0,455.8,61.39,Thiyagu,ICICI_Direct,DT
20070212,BHARTIARTL,Sell,30.0,742.1,152.75,Thiyagu,Hdfc
20070212,RCOM,Sell,120.0,455.0,72.20,Thiyagu,ICICI_Direct,DT
20070212,IVRCLINFRA,Sell,60.0,388.205,159.77,Thiyagu,Hdfc
20070227,SAIL,Buy,200.0,116.4,159.30,Thiyagu,Hdfc
20070228,SAIL,Buy,200.0,110.0,150.96,Thiyagu,Hdfc
20070301,INDIANB,IPO,371.0,91.0,0.00,Thiyagu,ICICI_Direct
20070305,PFC,IPO,117.0,85.0,0.00,Thiyagu,ICICI_Direct
20070305,PFC,Sell,117.0,105.7,119.56,Thiyagu,ICICI_Direct
20070305,RCOM,Sell,120.0,390.5,453.04,Thiyagu,ICICI_Direct
20070305,SUNTV,Sell,19.0,1382.26,253.91,Thiyagu,ICICI_Direct
20070305,ITC,Sell,250.0,163.5,395.18,Thiyagu,ICICI_Direct
20070305,RPL,Sell,120.0,65.9,54.33,Thiyagu,Hdfc
20070305,SUZLON,Sell,30.0,998.05,205.45,Thiyagu,Hdfc
20070305,LT,Sell,36.0,1381.05,341.36,Thiyagu,Hdfc
20070305,ITC,Sell,60.0,158.85,65.11,Thiyagu,Hdfc
20070305,INDIACEM,Sell,150.0,157.24,162.48,Thiyagu,Hdfc
20070305,SAIL,Sell,700.0,100.7,480.95,Thiyagu,Hdfc
20070305,LT,Sell,14.0,1382.0,128.46,Thiyagu,CbeAcc
20070305,INDIANB,Sell,371.0,92.8,332.86,Thiyagu,ICICI_Direct
20070306,MINDTREE,IPO,15.0,425.0,0.00,Thiyagu,Balu
20070306,MINDTREE,IPO,7.5,425.0,0.00,Thiyagu,Guru_ICICI
20070306,IDEA,IPO,344.0,75.0,0.00,Thiyagu,ICICI_Direct
20070306,IDEA,IPO,172.0,75.0,0.00,Thiyagu,Sels_ICICI
20070306,MINDTREE,IPO,15.0,425.0,0.00,Thiyagu,ICICI_Direct
20070308,MINDTREE,Sell,15.0,629.0,91.21,Thiyagu,Balu
20070417,I-FLEX,Buy,20.0,2440.0,334.87,Thiyagu,Hdfc
20070417,SUNTV,Buy,25.0,1728.3,296.45,Thiyagu,Hdfc
20070420,SUNTV,Buy,25.0,1645.0,282.06,Thiyagu,Hdfc
20070504,JYOTISTRUC,Sell,250.0,201.5,487.03,Selva,ICICI_Direct
20070525,SAIL,Buy,300.0,148.8,304.97,Thiyagu,Hdfc
20070529,IDEA,Buy,200.0,124.98,241.66,Selva,ICICI_Direct
20070529,CANFINHOME,Buy,500.0,60.5,206.17,Thiyagu,Hdfc
20070531,IDEA,Buy,484.0,125.9,418.41,Thiyagu,Hdfc
20070606,SAIL,Buy,175.0,132.8,224.68,Selva,ICICI_Direct
20070606,SAIL,Buy,300.0,132.95,385.61,Thiyagu,ICICI_Direct
20070702,I-FLEX,Sell,10.0,2606.0,178.82,Thiyagu,Hdfc
20070702,I-FLEX,Sell,10.0,2605.0,178.70,Thiyagu,Hdfc
20070807,OMAXE,IPO,26.0,310.0,0.00,Thiyagu,ICICI_Direct
20070813,LT,Buy,15.0,2437.6,250.93,Thiyagu,Hdfc
20070828,SAIL,Buy,150.0,152.4,156.52,Thiyagu,Hdfc
20070828,LT,Buy,15.0,2558.0,263.29,Thiyagu,Hdfc
