20030527,INFOSYSTCH,14.5,1.0,Divident,
20030602,UNIONBANK,2.1,1.0,Divident,
20030701,DIGITAL,4.5,1.0,Divident,
20030701,SBIN,8.5,1.0,Divident,
20030708,HINDLEVER,1.76,1.0,Divident,
20030813,IOC,0.5,1.0,Bonus,
20030815,HINDLEVER,2.5,1.0,Divident,
20031001,IOC,16.0,1.0,Divident,
20031008,ONGC,13.0,1.0,Divident,
20031101,PNBGILTS,1.2,1.0,Divident,
20031231,IOC,5.0,1.0,Divident,
20040129,UNIONBANK,2.0,1.0,Divident,
20040206,ONGC,14.0,1.0,Divident,
20040206,CANBK,2.5,1.0,Divident,
20040215,TATAMOTORS,4.0,1.0,Divident,
20040228,GESHIPPING,2.5,1.0,Divident,
20040511,GLENMARK,1.32,1.0,Divident,
20040520,REL,1.5,1.0,Divident,
20040531,INFOSYSTCH,115.0,1.0,Divident,
20040606,UNIONBANK,1.5,1.0,Divident,
20040615,IPCL,2.5,1.0,Divident,
20040625,RELIANCE,5.25,1.0,Divident,
20040629,GESHIPPING,4.0,1.0,Divident,
20040701,INFOSYSTCH,3.0,1.0,Bonus,
20040701,VDOCONINTL,1.0,1.0,Divident,
20040707,MARUTI,1.5,1.0,Divident,
20040708,TATAMOTORS,4.0,1.0,Divident,
20040711,UCALFUEL,4.0,1.0,Divident,
20040715,PATNI,1.0,1.0,Divident,
20040728,REL,1.1,1.0,Divident,
20040729,M&M,9.0,1.0,Divident,
20040915,DREDGECORP,12.0,1.0,Divident,
20040922,ICICIBANK,7.5,1.0,Divident,
20041001,IOC,16.0,1.0,Divident,
20041001,ONGC,10.0,1.0,Divident,
20041001,GAIL,4.0,1.0,Divident,
20041017,INFOSYSTCH,5.0,1.0,Divident,
20041021,UCALFUEL,1.0,1.0,Bonus,
20041105,REL,1.1,1.0,Divident,
20041227,IOC,4.5,1.0,Divident,
20041227,ONGC,20.0,1.0,Divident,
20041227,JINDALSAW,2.5,1.0,Divident,
20050316,VDOCONINTL,1.0,1.0,Divident,
20050803,GUJNRECOKE,2.0,1.0,Divident,
20050808,HINDLEVER,2.5,1.0,Divident,
20050921,ITC,1.0,10.0,Split,
20050921,ITC,0.5,1.0,Bonus,
20060118,RELIANCE,0.0,0.0,Demerger,false,RELIANCE;52.0,RCOM;38.7,RENVL;7.3,RCAPVL;1.3,RNRL;0.7,
20060329,IVRCLINFRA,2.0,10.0,Split,false,